info: API key already exists for device id: d1f29c23de21ced9 and deviced1f29c23de21ced9
info: {"success":true,"operationType":"Translations Refresh Check","specificErrorCode":"","resultArray":null}
info: {"success":true,"operationType":"Email Verification Check","specificErrorCode":"","resultArray":null}
info: {"success":true,"operationType":"Plays Refresh Check","specificErrorCode":"","resultArray":null}
info: {"success":true,"operationType":"Plays Refresh Check","specificErrorCode":"","resultArray":null}
info: {"success":true,"operationType":"Translations Refresh Check","specificErrorCode":"","resultArray":null}
info: {"success":true,"operationType":"Email Verification Check","specificErrorCode":"","resultArray":null}
info: {"success":true,"operationType":"Email Verification Check","specificErrorCode":"","resultArray":null}
info: {"success":true,"operationType":"Translations Refresh Check","specificErrorCode":"","resultArray":null}
info: {"success":true,"operationType":"Plays Refresh Check","specificErrorCode":"","resultArray":null}
info: {"success":true,"operationType":"Plays Refresh Check","specificErrorCode":"","resultArray":null}
info: {"success":true,"operationType":"Translations Refresh Check","specificErrorCode":"","resultArray":null}
info: {"success":true,"operationType":"Email Verification Check","specificErrorCode":"","resultArray":null}
info: {"success":true,"operationType":"Email Verification Check","specificErrorCode":"","resultArray":null}
info: {"success":true,"operationType":"Translations Refresh Check","specificErrorCode":"","resultArray":null}
info: {"success":true,"operationType":"Plays Refresh Check","specificErrorCode":"","resultArray":null}
info: {"success":true,"operationType":"Plays Refresh Check","specificErrorCode":"","resultArray":null}
info: {"success":true,"operationType":"Translations Refresh Check","specificErrorCode":"","resultArray":null}
info: {"success":true,"operationType":"Email Verification Check","specificErrorCode":"","resultArray":null}
info: {"success":true,"operationType":"Email Verification Check","specificErrorCode":"","resultArray":null}
info: {"success":true,"operationType":"Translations Refresh Check","specificErrorCode":"","resultArray":null}
info: {"success":true,"operationType":"Plays Refresh Check","specificErrorCode":"","resultArray":null}
info: API key already exists for device id: d1f29c23de21ced9 and deviced1f29c23de21ced9
info: {"success":true,"operationType":"Plays Refresh Check","specificErrorCode":"","resultArray":null}
info: {"success":true,"operationType":"Translations Refresh Check","specificErrorCode":"","resultArray":null}
info: {"success":true,"operationType":"Email Verification Check","specificErrorCode":"","resultArray":null}
info: {"success":true,"operationType":"Email Verification Check","specificErrorCode":"","resultArray":null}
info: {"success":true,"operationType":"Translations Refresh Check","specificErrorCode":"","resultArray":null}
info: {"success":true,"operationType":"Plays Refresh Check","specificErrorCode":"","resultArray":null}
info: {"success":true,"operationType":"Plays Refresh Check","specificErrorCode":"","resultArray":null}
info: {"success":true,"operationType":"Translations Refresh Check","specificErrorCode":"","resultArray":null}
info: {"success":true,"operationType":"Email Verification Check","specificErrorCode":"","resultArray":null}
info: API key already exists for device id: d1f29c23de21ced9 and deviced1f29c23de21ced9
info: API key already exists for device id: d1f29c23de21ced9 and deviced1f29c23de21ced9
info: {"success":true,"operationType":"Translations Refresh Check","specificErrorCode":"","resultArray":null}
info: {"success":true,"operationType":"Plays Refresh Check","specificErrorCode":"","resultArray":null}
info: {"success":true,"operationType":"Email Verification Check","specificErrorCode":"","resultArray":null}
info: {"success":true,"operationType":"Plays Refresh Check","specificErrorCode":"","resultArray":null}
info: {"success":true,"operationType":"Translations Refresh Check","specificErrorCode":"","resultArray":null}
info: {"success":true,"operationType":"Email Verification Check","specificErrorCode":"","resultArray":null}
info: {"success":true,"operationType":"Email Verification Check","specificErrorCode":"","resultArray":null}
info: {"success":true,"operationType":"Translations Refresh Check","specificErrorCode":"","resultArray":null}
info: {"success":true,"operationType":"Plays Refresh Check","specificErrorCode":"","resultArray":null}
info: {"success":true,"operationType":"Plays Refresh Check","specificErrorCode":"","resultArray":null}
info: {"success":true,"operationType":"Translations Refresh Check","specificErrorCode":"","resultArray":null}
info: {"success":true,"operationType":"Email Verification Check","specificErrorCode":"","resultArray":null}
info: {"success":true,"operationType":"Email Verification Check","specificErrorCode":"","resultArray":null}
info: {"success":true,"operationType":"Translations Refresh Check","specificErrorCode":"","resultArray":null}
info: {"success":true,"operationType":"Plays Refresh Check","specificErrorCode":"","resultArray":null}
info: {"success":true,"operationType":"Plays Refresh Check","specificErrorCode":"","resultArray":null}
info: {"success":true,"operationType":"Translations Refresh Check","specificErrorCode":"","resultArray":null}
info: {"success":true,"operationType":"Email Verification Check","specificErrorCode":"","resultArray":null}
info: {"success":true,"operationType":"Premium User Check","specificErrorCode":"","resultArray":null}
info: {"success":true,"operationType":"Email Verification Check","specificErrorCode":"","resultArray":null}
info: {"success":true,"operationType":"Translations Refresh Check","specificErrorCode":"","resultArray":null}
info: {"success":true,"operationType":"Plays Refresh Check","specificErrorCode":"","resultArray":null}
info: {"success":true,"operationType":"Plays Refresh Check","specificErrorCode":"","resultArray":null}
info: {"success":true,"operationType":"Translations Refresh Check","specificErrorCode":"","resultArray":null}
info: {"success":true,"operationType":"Email Verification Check","specificErrorCode":"","resultArray":null}
info: {"success":true,"operationType":"Email Verification Check","specificErrorCode":"","resultArray":null}
info: {"success":true,"operationType":"Translations Refresh Check","specificErrorCode":"","resultArray":null}
info: {"success":true,"operationType":"Plays Refresh Check","specificErrorCode":"","resultArray":null}
info: {"success":true,"operationType":"Plays Refresh Check","specificErrorCode":"","resultArray":null}
info: {"success":true,"operationType":"Translations Refresh Check","specificErrorCode":"","resultArray":null}
info: {"success":true,"operationType":"Email Verification Check","specificErrorCode":"","resultArray":null}
info: {"success":true,"operationType":"Email Verification Check","specificErrorCode":"","resultArray":null}
info: {"success":true,"operationType":"Translations Refresh Check","specificErrorCode":"","resultArray":null}
info: {"success":true,"operationType":"Plays Refresh Check","specificErrorCode":"","resultArray":null}
info: {"success":true,"operationType":"Plays Refresh Check","specificErrorCode":"","resultArray":null}
info: {"success":true,"operationType":"Translations Refresh Check","specificErrorCode":"","resultArray":null}
info: {"success":true,"operationType":"Email Verification Check","specificErrorCode":"","resultArray":null}
info: {"success":true,"operationType":"Email Verification Check","specificErrorCode":"","resultArray":null}
info: {"success":true,"operationType":"Translations Refresh Check","specificErrorCode":"","resultArray":null}
info: {"success":true,"operationType":"Plays Refresh Check","specificErrorCode":"","resultArray":null}
info: {"success":true,"operationType":"Plays Refresh Check","specificErrorCode":"","resultArray":null}
info: {"success":true,"operationType":"Translations Refresh Check","specificErrorCode":"","resultArray":null}
info: {"success":true,"operationType":"Email Verification Check","specificErrorCode":"","resultArray":null}
info: {"success":true,"operationType":"Email Verification Check","specificErrorCode":"","resultArray":null}
info: {"success":true,"operationType":"Translations Refresh Check","specificErrorCode":"","resultArray":null}
info: {"success":true,"operationType":"Plays Refresh Check","specificErrorCode":"","resultArray":null}
info: {"success":true,"operationType":"Plays Refresh Check","specificErrorCode":"","resultArray":null}
info: {"success":true,"operationType":"Translations Refresh Check","specificErrorCode":"","resultArray":null}
info: {"success":true,"operationType":"Email Verification Check","specificErrorCode":"","resultArray":null}
info: {"success":true,"operationType":"Email Verification Check","specificErrorCode":"","resultArray":null}
info: {"success":true,"operationType":"Translations Refresh Check","specificErrorCode":"","resultArray":null}
info: {"success":true,"operationType":"Plays Refresh Check","specificErrorCode":"","resultArray":null}
info: {"success":true,"operationType":"Plays Refresh Check","specificErrorCode":"","resultArray":null}
info: {"success":true,"operationType":"Translations Refresh Check","specificErrorCode":"","resultArray":null}
info: {"success":true,"operationType":"Email Verification Check","specificErrorCode":"","resultArray":null}
info: {"success":true,"operationType":"Email Verification Check","specificErrorCode":"","resultArray":null}
info: {"success":true,"operationType":"Plays Refresh Check","specificErrorCode":"","resultArray":null}
info: {"success":true,"operationType":"Translations Refresh Check","specificErrorCode":"","resultArray":null}
info: {"success":true,"operationType":"Plays Refresh Check","specificErrorCode":"","resultArray":null}
info: {"success":true,"operationType":"Translations Refresh Check","specificErrorCode":"","resultArray":null}
info: {"success":true,"operationType":"Email Verification Check","specificErrorCode":"","resultArray":null}
info: {"success":true,"operationType":"Translations Refresh Check","specificErrorCode":"","resultArray":null}
info: {"success":true,"operationType":"Plays Refresh Check","specificErrorCode":"","resultArray":null}
info: {"success":true,"operationType":"Email Verification Check","specificErrorCode":"","resultArray":null}
info: {"success":true,"operationType":"Plays Refresh Check","specificErrorCode":"","resultArray":null}
info: {"success":true,"operationType":"Translations Refresh Check","specificErrorCode":"","resultArray":null}
info: {"success":true,"operationType":"Email Verification Check","specificErrorCode":"","resultArray":null}
info: {"success":true,"operationType":"Plays Refresh Check","specificErrorCode":"","resultArray":null}
info: {"success":true,"operationType":"Translations Refresh Check","specificErrorCode":"","resultArray":null}
info: {"success":true,"operationType":"Email Verification Check","specificErrorCode":"","resultArray":null}
info: {"success":true,"operationType":"Plays Refresh Check","specificErrorCode":"","resultArray":null}
info: {"success":true,"operationType":"Translations Refresh Check","specificErrorCode":"","resultArray":null}
info: {"success":true,"operationType":"Email Verification Check","specificErrorCode":"","resultArray":null}
info: {"success":true,"operationType":"Email Verification Check","specificErrorCode":"","resultArray":null}
info: {"success":true,"operationType":"Translations Refresh Check","specificErrorCode":"","resultArray":null}
info: {"success":true,"operationType":"Plays Refresh Check","specificErrorCode":"","resultArray":null}
info: {"success":true,"operationType":"Translations Refresh Check","specificErrorCode":"","resultArray":null}
info: {"success":true,"operationType":"Email Verification Check","specificErrorCode":"","resultArray":null}
info: {"success":true,"operationType":"Plays Refresh Check","specificErrorCode":"","resultArray":null}
info: API key already exists for device id: d1f29c23de21ced9 and deviced1f29c23de21ced9
info: {"success":true,"operationType":"Translations Refresh Check","specificErrorCode":"","resultArray":null}
info: {"success":true,"operationType":"Plays Refresh Check","specificErrorCode":"","resultArray":null}
info: {"success":true,"operationType":"Email Verification Check","specificErrorCode":"","resultArray":null}
info: {"success":true,"operationType":"Plays Refresh Check","specificErrorCode":"","resultArray":null}
info: {"success":true,"operationType":"Translations Refresh Check","specificErrorCode":"","resultArray":null}
info: {"success":true,"operationType":"Email Verification Check","specificErrorCode":"","resultArray":null}
info: {"success":true,"operationType":"Email Verification Check","specificErrorCode":"","resultArray":null}
info: {"success":true,"operationType":"Translations Refresh Check","specificErrorCode":"","resultArray":null}
info: {"success":true,"operationType":"Plays Refresh Check","specificErrorCode":"","resultArray":null}
info: {"success":true,"operationType":"Plays Refresh Check","specificErrorCode":"","resultArray":null}
info: {"success":true,"operationType":"Translations Refresh Check","specificErrorCode":"","resultArray":null}
info: {"success":true,"operationType":"Email Verification Check","specificErrorCode":"","resultArray":null}
info: {"success":true,"operationType":"Email Verification Check","specificErrorCode":"","resultArray":null}
info: {"success":true,"operationType":"Translations Refresh Check","specificErrorCode":"","resultArray":null}
info: {"success":true,"operationType":"Plays Refresh Check","specificErrorCode":"","resultArray":null}
info: {"success":true,"operationType":"Plays Refresh Check","specificErrorCode":"","resultArray":null}
info: {"success":true,"operationType":"Translations Refresh Check","specificErrorCode":"","resultArray":null}
info: {"success":true,"operationType":"Email Verification Check","specificErrorCode":"","resultArray":null}
info: {"success":true,"operationType":"Email Verification Check","specificErrorCode":"","resultArray":null}
info: {"success":true,"operationType":"Translations Refresh Check","specificErrorCode":"","resultArray":null}
info: {"success":true,"operationType":"Plays Refresh Check","specificErrorCode":"","resultArray":null}
info: {"success":true,"operationType":"Plays Refresh Check","specificErrorCode":"","resultArray":null}
info: {"success":true,"operationType":"Translations Refresh Check","specificErrorCode":"","resultArray":null}
info: {"success":true,"operationType":"Email Verification Check","specificErrorCode":"","resultArray":null}
info: {"success":true,"operationType":"Email Verification Check","specificErrorCode":"","resultArray":null}
info: {"success":true,"operationType":"Translations Refresh Check","specificErrorCode":"","resultArray":null}
info: {"success":true,"operationType":"Plays Refresh Check","specificErrorCode":"","resultArray":null}
info: {"success":true,"operationType":"Plays Refresh Check","specificErrorCode":"","resultArray":null}
info: {"success":true,"operationType":"Translations Refresh Check","specificErrorCode":"","resultArray":null}
info: {"success":true,"operationType":"Email Verification Check","specificErrorCode":"","resultArray":null}
info: {"success":true,"operationType":"Premium User Check","specificErrorCode":"","resultArray":null}
info: {"success":true,"operationType":"Email Verification Check","specificErrorCode":"","resultArray":null}
info: {"success":true,"operationType":"Translations Refresh Check","specificErrorCode":"","resultArray":null}
info: {"success":true,"operationType":"Plays Refresh Check","specificErrorCode":"","resultArray":null}
info: API key already exists for device id: d1f29c23de21ced9 and deviced1f29c23de21ced9
info: {"success":true,"operationType":"Plays Refresh Check","specificErrorCode":"","resultArray":null}
info: {"success":true,"operationType":"Translations Refresh Check","specificErrorCode":"","resultArray":null}
info: {"success":true,"operationType":"Email Verification Check","specificErrorCode":"","resultArray":null}
info: API key already exists for device id: d1f29c23de21ced9 and deviced1f29c23de21ced9
info: {"success":true,"operationType":"Translations Refresh Check","specificErrorCode":"","resultArray":null}
info: {"success":true,"operationType":"Plays Refresh Check","specificErrorCode":"","resultArray":null}
info: {"success":true,"operationType":"Email Verification Check","specificErrorCode":"","resultArray":null}
info: {"success":true,"operationType":"Plays Refresh Check","specificErrorCode":"","resultArray":null}
info: {"success":true,"operationType":"Translations Refresh Check","specificErrorCode":"","resultArray":null}
info: {"success":true,"operationType":"Email Verification Check","specificErrorCode":"","resultArray":null}
info: {"success":true,"operationType":"Email Verification Check","specificErrorCode":"","resultArray":null}
info: {"success":true,"operationType":"Translations Refresh Check","specificErrorCode":"","resultArray":null}
info: {"success":true,"operationType":"Plays Refresh Check","specificErrorCode":"","resultArray":null}
info: {"success":true,"operationType":"Plays Refresh Check","specificErrorCode":"","resultArray":null}
info: {"success":true,"operationType":"Translations Refresh Check","specificErrorCode":"","resultArray":null}
info: {"success":true,"operationType":"Email Verification Check","specificErrorCode":"","resultArray":null}
info: {"success":true,"operationType":"Email Verification Check","specificErrorCode":"","resultArray":null}
info: {"success":true,"operationType":"Translations Refresh Check","specificErrorCode":"","resultArray":null}
info: {"success":true,"operationType":"Plays Refresh Check","specificErrorCode":"","resultArray":null}
info: {"success":true,"operationType":"Plays Refresh Check","specificErrorCode":"","resultArray":null}
info: {"success":true,"operationType":"Translations Refresh Check","specificErrorCode":"","resultArray":null}
info: {"success":true,"operationType":"Email Verification Check","specificErrorCode":"","resultArray":null}
info: {"success":true,"operationType":"Email Verification Check","specificErrorCode":"","resultArray":null}
info: {"success":true,"operationType":"Plays Refresh Check","specificErrorCode":"","resultArray":null}
info: {"success":true,"operationType":"Translations Refresh Check","specificErrorCode":"","resultArray":null}
info: {"success":true,"operationType":"Plays Refresh Check","specificErrorCode":"","resultArray":null}
info: {"success":true,"operationType":"Translations Refresh Check","specificErrorCode":"","resultArray":null}
info: {"success":true,"operationType":"Email Verification Check","specificErrorCode":"","resultArray":null}
info: {"success":true,"operationType":"Email Verification Check","specificErrorCode":"","resultArray":null}
info: {"success":true,"operationType":"Translations Refresh Check","specificErrorCode":"","resultArray":null}
info: {"success":true,"operationType":"Plays Refresh Check","specificErrorCode":"","resultArray":null}
info: {"success":true,"operationType":"Plays Refresh Check","specificErrorCode":"","resultArray":null}
info: {"success":true,"operationType":"Email Verification Check","specificErrorCode":"","resultArray":null}
info: {"success":true,"operationType":"Translations Refresh Check","specificErrorCode":"","resultArray":null}
info: {"success":true,"operationType":"Email Verification Check","specificErrorCode":"","resultArray":null}
info: {"success":true,"operationType":"Translations Refresh Check","specificErrorCode":"","resultArray":null}
info: {"success":true,"operationType":"Plays Refresh Check","specificErrorCode":"","resultArray":null}
info: {"success":true,"operationType":"Plays Refresh Check","specificErrorCode":"","resultArray":null}
info: {"success":true,"operationType":"Translations Refresh Check","specificErrorCode":"","resultArray":null}
info: {"success":true,"operationType":"Email Verification Check","specificErrorCode":"","resultArray":null}
info: {"success":true,"operationType":"Email Verification Check","specificErrorCode":"","resultArray":null}
info: {"success":true,"operationType":"Translations Refresh Check","specificErrorCode":"","resultArray":null}
info: {"success":true,"operationType":"Plays Refresh Check","specificErrorCode":"","resultArray":null}
info: {"success":true,"operationType":"Plays Refresh Check","specificErrorCode":"","resultArray":null}
info: {"success":true,"operationType":"Translations Refresh Check","specificErrorCode":"","resultArray":null}
info: {"success":true,"operationType":"Email Verification Check","specificErrorCode":"","resultArray":null}
info: {"success":true,"operationType":"Email Verification Check","specificErrorCode":"","resultArray":null}
info: {"success":true,"operationType":"Translations Refresh Check","specificErrorCode":"","resultArray":null}
info: {"success":true,"operationType":"Plays Refresh Check","specificErrorCode":"","resultArray":null}
info: {"success":true,"operationType":"Plays Refresh Check","specificErrorCode":"","resultArray":null}
info: {"success":true,"operationType":"Translations Refresh Check","specificErrorCode":"","resultArray":null}
info: {"success":true,"operationType":"Email Verification Check","specificErrorCode":"","resultArray":null}
info: {"success":true,"operationType":"Email Verification Check","specificErrorCode":"","resultArray":null}
info: {"success":true,"operationType":"Translations Refresh Check","specificErrorCode":"","resultArray":null}
info: {"success":true,"operationType":"Plays Refresh Check","specificErrorCode":"","resultArray":null}
info: {"success":true,"operationType":"Plays Refresh Check","specificErrorCode":"","resultArray":null}
info: {"success":true,"operationType":"Email Verification Check","specificErrorCode":"","resultArray":null}
info: {"success":true,"operationType":"Translations Refresh Check","specificErrorCode":"","resultArray":null}
info: {"success":true,"operationType":"Email Verification Check","specificErrorCode":"","resultArray":null}
info: {"success":true,"operationType":"Translations Refresh Check","specificErrorCode":"","resultArray":null}
info: {"success":true,"operationType":"Plays Refresh Check","specificErrorCode":"","resultArray":null}
info: {"success":true,"operationType":"Plays Refresh Check","specificErrorCode":"","resultArray":null}
info: {"success":true,"operationType":"Translations Refresh Check","specificErrorCode":"","resultArray":null}
info: {"success":true,"operationType":"Email Verification Check","specificErrorCode":"","resultArray":null}
info: {"success":true,"operationType":"Email Verification Check","specificErrorCode":"","resultArray":null}
info: {"success":true,"operationType":"Translations Refresh Check","specificErrorCode":"","resultArray":null}
info: {"success":true,"operationType":"Plays Refresh Check","specificErrorCode":"","resultArray":null}
info: {"success":true,"operationType":"Plays Refresh Check","specificErrorCode":"","resultArray":null}
info: {"success":true,"operationType":"Translations Refresh Check","specificErrorCode":"","resultArray":null}
info: {"success":true,"operationType":"Email Verification Check","specificErrorCode":"","resultArray":null}
info: {"success":true,"operationType":"Email Verification Check","specificErrorCode":"","resultArray":null}
info: {"success":true,"operationType":"Translations Refresh Check","specificErrorCode":"","resultArray":null}
info: {"success":true,"operationType":"Plays Refresh Check","specificErrorCode":"","resultArray":null}
info: {"success":true,"operationType":"Plays Refresh Check","specificErrorCode":"","resultArray":null}
info: {"success":true,"operationType":"Email Verification Check","specificErrorCode":"","resultArray":null}
info: {"success":true,"operationType":"Translations Refresh Check","specificErrorCode":"","resultArray":null}
info: {"success":true,"operationType":"Plays Refresh Check","specificErrorCode":"","resultArray":null}
info: {"success":true,"operationType":"Translations Refresh Check","specificErrorCode":"","resultArray":null}
info: {"success":true,"operationType":"Email Verification Check","specificErrorCode":"","resultArray":null}
info: {"success":true,"operationType":"Email Verification Check","specificErrorCode":"","resultArray":null}
info: {"success":true,"operationType":"Translations Refresh Check","specificErrorCode":"","resultArray":null}
info: {"success":true,"operationType":"Plays Refresh Check","specificErrorCode":"","resultArray":null}
info: {"success":true,"operationType":"Plays Refresh Check","specificErrorCode":"","resultArray":null}
info: {"success":true,"operationType":"Translations Refresh Check","specificErrorCode":"","resultArray":null}
info: {"success":true,"operationType":"Email Verification Check","specificErrorCode":"","resultArray":null}
info: {"success":true,"operationType":"Email Verification Check","specificErrorCode":"","resultArray":null}
info: {"success":true,"operationType":"Translations Refresh Check","specificErrorCode":"","resultArray":null}
info: {"success":true,"operationType":"Plays Refresh Check","specificErrorCode":"","resultArray":null}
info: {"success":true,"operationType":"Plays Refresh Check","specificErrorCode":"","resultArray":null}
info: {"success":true,"operationType":"Translations Refresh Check","specificErrorCode":"","resultArray":null}
info: {"success":true,"operationType":"Email Verification Check","specificErrorCode":"","resultArray":null}
info: {"success":true,"operationType":"Email Verification Check","specificErrorCode":"","resultArray":null}
info: {"success":true,"operationType":"Translations Refresh Check","specificErrorCode":"","resultArray":null}
info: {"success":true,"operationType":"Plays Refresh Check","specificErrorCode":"","resultArray":null}
info: {"success":true,"operationType":"Translations Refresh Check","specificErrorCode":"","resultArray":null}
info: {"success":true,"operationType":"Plays Refresh Check","specificErrorCode":"","resultArray":null}
info: {"success":true,"operationType":"Email Verification Check","specificErrorCode":"","resultArray":null}
info: {"success":true,"operationType":"Email Verification Check","specificErrorCode":"","resultArray":null}
info: {"success":true,"operationType":"Translations Refresh Check","specificErrorCode":"","resultArray":null}
info: {"success":true,"operationType":"Plays Refresh Check","specificErrorCode":"","resultArray":null}
info: {"success":true,"operationType":"Plays Refresh Check","specificErrorCode":"","resultArray":null}
info: {"success":true,"operationType":"Translations Refresh Check","specificErrorCode":"","resultArray":null}
info: {"success":true,"operationType":"Email Verification Check","specificErrorCode":"","resultArray":null}
info: {"success":true,"operationType":"Email Verification Check","specificErrorCode":"","resultArray":null}
info: {"success":true,"operationType":"Plays Refresh Check","specificErrorCode":"","resultArray":null}
info: {"success":true,"operationType":"Translations Refresh Check","specificErrorCode":"","resultArray":null}
info: {"success":true,"operationType":"Plays Refresh Check","specificErrorCode":"","resultArray":null}
info: {"success":true,"operationType":"Translations Refresh Check","specificErrorCode":"","resultArray":null}
info: {"success":true,"operationType":"Email Verification Check","specificErrorCode":"","resultArray":null}
info: {"success":true,"operationType":"Email Verification Check","specificErrorCode":"","resultArray":null}
info: {"success":true,"operationType":"Translations Refresh Check","specificErrorCode":"","resultArray":null}
info: {"success":true,"operationType":"Plays Refresh Check","specificErrorCode":"","resultArray":null}
info: {"success":true,"operationType":"Email Verification Check","specificErrorCode":"","resultArray":null}
info: {"success":true,"operationType":"Plays Refresh Check","specificErrorCode":"","resultArray":null}
info: {"success":true,"operationType":"Translations Refresh Check","specificErrorCode":"","resultArray":null}
info: {"success":true,"operationType":"Email Verification Check","specificErrorCode":"","resultArray":null}
info: {"success":true,"operationType":"Translations Refresh Check","specificErrorCode":"","resultArray":null}
info: {"success":true,"operationType":"Plays Refresh Check","specificErrorCode":"","resultArray":null}
info: {"success":true,"operationType":"Plays Refresh Check","specificErrorCode":"","resultArray":null}
info: {"success":true,"operationType":"Translations Refresh Check","specificErrorCode":"","resultArray":null}
info: {"success":true,"operationType":"Email Verification Check","specificErrorCode":"","resultArray":null}
info: {"success":true,"operationType":"Email Verification Check","specificErrorCode":"","resultArray":null}
info: {"success":true,"operationType":"Translations Refresh Check","specificErrorCode":"","resultArray":null}
info: {"success":true,"operationType":"Plays Refresh Check","specificErrorCode":"","resultArray":null}
info: {"success":true,"operationType":"Plays Refresh Check","specificErrorCode":"","resultArray":null}
info: {"success":true,"operationType":"Translations Refresh Check","specificErrorCode":"","resultArray":null}
info: {"success":true,"operationType":"Email Verification Check","specificErrorCode":"","resultArray":null}
info: API key already exists for device id: d1f29c23de21ced9 and deviced1f29c23de21ced9
info: {"success":true,"operationType":"Translations Refresh Check","specificErrorCode":"","resultArray":null}
info: {"success":true,"operationType":"Plays Refresh Check","specificErrorCode":"","resultArray":null}
info: {"success":true,"operationType":"Email Verification Check","specificErrorCode":"","resultArray":null}
info: {"success":true,"operationType":"Plays Refresh Check","specificErrorCode":"","resultArray":null}
info: {"success":true,"operationType":"Translations Refresh Check","specificErrorCode":"","resultArray":null}
info: {"success":true,"operationType":"Email Verification Check","specificErrorCode":"","resultArray":null}
info: {"success":true,"operationType":"Translations Refresh Check","specificErrorCode":"","resultArray":null}
info: {"success":true,"operationType":"Plays Refresh Check","specificErrorCode":"","resultArray":null}
info: {"success":true,"operationType":"Email Verification Check","specificErrorCode":"","resultArray":null}
info: {"success":true,"operationType":"Plays Refresh Check","specificErrorCode":"","resultArray":null}
info: {"success":true,"operationType":"Translations Refresh Check","specificErrorCode":"","resultArray":null}
info: {"success":true,"operationType":"Email Verification Check","specificErrorCode":"","resultArray":null}
info: {"success":true,"operationType":"Email Verification Check","specificErrorCode":"","resultArray":null}
info: {"success":true,"operationType":"Translations Refresh Check","specificErrorCode":"","resultArray":null}
info: {"success":true,"operationType":"Plays Refresh Check","specificErrorCode":"","resultArray":null}
info: {"success":true,"operationType":"Plays Refresh Check","specificErrorCode":"","resultArray":null}
info: {"success":true,"operationType":"Email Verification Check","specificErrorCode":"","resultArray":null}
info: {"success":true,"operationType":"Translations Refresh Check","specificErrorCode":"","resultArray":null}
info: {"success":true,"operationType":"Email Verification Check","specificErrorCode":"","resultArray":null}
info: {"success":true,"operationType":"Translations Refresh Check","specificErrorCode":"","resultArray":null}
info: {"success":true,"operationType":"Plays Refresh Check","specificErrorCode":"","resultArray":null}
info: {"success":true,"operationType":"Premium User Check","specificErrorCode":"","resultArray":null}
info: {"success":true,"operationType":"Translations Refresh Check","specificErrorCode":"","resultArray":null}
info: {"success":true,"operationType":"Email Verification Check","specificErrorCode":"","resultArray":null}
info: {"success":true,"operationType":"Plays Refresh Check","specificErrorCode":"","resultArray":null}
info: {"success":true,"operationType":"Plays Refresh Check","specificErrorCode":"","resultArray":null}
info: {"success":true,"operationType":"Translations Refresh Check","specificErrorCode":"","resultArray":null}
info: {"success":true,"operationType":"Email Verification Check","specificErrorCode":"","resultArray":null}
info: {"success":true,"operationType":"Translations Refresh Check","specificErrorCode":"","resultArray":null}
info: {"success":true,"operationType":"Plays Refresh Check","specificErrorCode":"","resultArray":null}
info: {"success":true,"operationType":"Email Verification Check","specificErrorCode":"","resultArray":null}
info: {"success":true,"operationType":"Plays Refresh Check","specificErrorCode":"","resultArray":null}
info: {"success":true,"operationType":"Email Verification Check","specificErrorCode":"","resultArray":null}
info: {"success":true,"operationType":"Translations Refresh Check","specificErrorCode":"","resultArray":null}
info: {"success":true,"operationType":"Email Verification Check","specificErrorCode":"","resultArray":null}
info: {"success":true,"operationType":"Translations Refresh Check","specificErrorCode":"","resultArray":null}
info: {"success":true,"operationType":"Plays Refresh Check","specificErrorCode":"","resultArray":null}
info: {"success":true,"operationType":"Plays Refresh Check","specificErrorCode":"","resultArray":null}
info: {"success":true,"operationType":"Email Verification Check","specificErrorCode":"","resultArray":null}
info: {"success":true,"operationType":"Translations Refresh Check","specificErrorCode":"","resultArray":null}
info: {"success":true,"operationType":"Email Verification Check","specificErrorCode":"","resultArray":null}
info: {"success":true,"operationType":"Translations Refresh Check","specificErrorCode":"","resultArray":null}
info: {"success":true,"operationType":"Plays Refresh Check","specificErrorCode":"","resultArray":null}
info: {"success":true,"operationType":"Plays Refresh Check","specificErrorCode":"","resultArray":null}
info: {"success":true,"operationType":"Translations Refresh Check","specificErrorCode":"","resultArray":null}
info: {"success":true,"operationType":"Email Verification Check","specificErrorCode":"","resultArray":null}
info: {"success":true,"operationType":"Email Verification Check","specificErrorCode":"","resultArray":null}
info: {"success":true,"operationType":"Translations Refresh Check","specificErrorCode":"","resultArray":null}
info: {"success":true,"operationType":"Plays Refresh Check","specificErrorCode":"","resultArray":null}
info: {"success":true,"operationType":"Plays Refresh Check","specificErrorCode":"","resultArray":null}
info: {"success":true,"operationType":"Translations Refresh Check","specificErrorCode":"","resultArray":null}
info: {"success":true,"operationType":"Email Verification Check","specificErrorCode":"","resultArray":null}
info: {"success":true,"operationType":"Email Verification Check","specificErrorCode":"","resultArray":null}
info: {"success":true,"operationType":"Translations Refresh Check","specificErrorCode":"","resultArray":null}
info: {"success":true,"operationType":"Plays Refresh Check","specificErrorCode":"","resultArray":null}
info: {"success":true,"operationType":"Plays Refresh Check","specificErrorCode":"","resultArray":null}
info: {"success":true,"operationType":"Translations Refresh Check","specificErrorCode":"","resultArray":null}
info: {"success":true,"operationType":"Email Verification Check","specificErrorCode":"","resultArray":null}
info: {"success":true,"operationType":"Email Verification Check","specificErrorCode":"","resultArray":null}
info: {"success":true,"operationType":"Translations Refresh Check","specificErrorCode":"","resultArray":null}
info: {"success":true,"operationType":"Plays Refresh Check","specificErrorCode":"","resultArray":null}
info: {"success":true,"operationType":"Premium User Check","specificErrorCode":"","resultArray":null}
info: {"success":true,"operationType":"Email Verification Check","specificErrorCode":"","resultArray":null}
info: {"success":true,"operationType":"Translations Refresh Check","specificErrorCode":"","resultArray":null}
info: {"success":true,"operationType":"Plays Refresh Check","specificErrorCode":"","resultArray":null}
info: {"success":true,"operationType":"Email Verification Check","specificErrorCode":"","resultArray":null}
info: {"success":true,"operationType":"Translations Refresh Check","specificErrorCode":"","resultArray":null}
info: {"success":true,"operationType":"Plays Refresh Check","specificErrorCode":"","resultArray":null}
info: {"success":true,"operationType":"Plays Refresh Check","specificErrorCode":"","resultArray":null}
info: {"success":true,"operationType":"Translations Refresh Check","specificErrorCode":"","resultArray":null}
info: {"success":true,"operationType":"Email Verification Check","specificErrorCode":"","resultArray":null}
info: {"success":true,"operationType":"Email Verification Check","specificErrorCode":"","resultArray":null}
info: {"success":true,"operationType":"Translations Refresh Check","specificErrorCode":"","resultArray":null}
info: {"success":true,"operationType":"Plays Refresh Check","specificErrorCode":"","resultArray":null}
info: {"success":true,"operationType":"Plays Refresh Check","specificErrorCode":"","resultArray":null}
info: {"success":true,"operationType":"Translations Refresh Check","specificErrorCode":"","resultArray":null}
info: {"success":true,"operationType":"Email Verification Check","specificErrorCode":"","resultArray":null}
info: {"success":true,"operationType":"Email Verification Check","specificErrorCode":"","resultArray":null}
info: {"success":true,"operationType":"Translations Refresh Check","specificErrorCode":"","resultArray":null}
info: {"success":true,"operationType":"Plays Refresh Check","specificErrorCode":"","resultArray":null}
info: {"success":true,"operationType":"Translations Refresh Check","specificErrorCode":"","resultArray":null}
info: {"success":true,"operationType":"Email Verification Check","specificErrorCode":"","resultArray":null}
info: {"success":true,"operationType":"Plays Refresh Check","specificErrorCode":"","resultArray":null}
info: {"success":true,"operationType":"Email Verification Check","specificErrorCode":"","resultArray":null}
info: {"success":true,"operationType":"Translations Refresh Check","specificErrorCode":"","resultArray":null}
info: {"success":true,"operationType":"Plays Refresh Check","specificErrorCode":"","resultArray":null}
info: {"success":true,"operationType":"Plays Refresh Check","specificErrorCode":"","resultArray":null}
info: {"success":true,"operationType":"Translations Refresh Check","specificErrorCode":"","resultArray":null}
info: {"success":true,"operationType":"Email Verification Check","specificErrorCode":"","resultArray":null}
info: {"success":true,"operationType":"Email Verification Check","specificErrorCode":"","resultArray":null}
info: {"success":true,"operationType":"Translations Refresh Check","specificErrorCode":"","resultArray":null}
info: {"success":true,"operationType":"Plays Refresh Check","specificErrorCode":"","resultArray":null}
info: {"success":true,"operationType":"Plays Refresh Check","specificErrorCode":"","resultArray":null}
info: {"success":true,"operationType":"Translations Refresh Check","specificErrorCode":"","resultArray":null}
info: {"success":true,"operationType":"Email Verification Check","specificErrorCode":"","resultArray":null}
info: {"success":true,"operationType":"Email Verification Check","specificErrorCode":"","resultArray":null}
info: {"success":true,"operationType":"Translations Refresh Check","specificErrorCode":"","resultArray":null}
info: {"success":true,"operationType":"Plays Refresh Check","specificErrorCode":"","resultArray":null}
info: {"success":true,"operationType":"Plays Refresh Check","specificErrorCode":"","resultArray":null}
info: {"success":true,"operationType":"Translations Refresh Check","specificErrorCode":"","resultArray":null}
info: {"success":true,"operationType":"Email Verification Check","specificErrorCode":"","resultArray":null}
info: {"success":true,"operationType":"Email Verification Check","specificErrorCode":"","resultArray":null}
info: {"success":true,"operationType":"Translations Refresh Check","specificErrorCode":"","resultArray":null}
info: {"success":true,"operationType":"Plays Refresh Check","specificErrorCode":"","resultArray":null}
info: {"success":true,"operationType":"Plays Refresh Check","specificErrorCode":"","resultArray":null}
info: {"success":true,"operationType":"Translations Refresh Check","specificErrorCode":"","resultArray":null}
info: {"success":true,"operationType":"Email Verification Check","specificErrorCode":"","resultArray":null}
info: {"success":true,"operationType":"Email Verification Check","specificErrorCode":"","resultArray":null}
info: {"success":true,"operationType":"Translations Refresh Check","specificErrorCode":"","resultArray":null}
info: {"success":true,"operationType":"Plays Refresh Check","specificErrorCode":"","resultArray":null}
info: {"success":true,"operationType":"Plays Refresh Check","specificErrorCode":"","resultArray":null}
info: {"success":true,"operationType":"Translations Refresh Check","specificErrorCode":"","resultArray":null}
info: {"success":true,"operationType":"Email Verification Check","specificErrorCode":"","resultArray":null}
info: {"success":true,"operationType":"Email Verification Check","specificErrorCode":"","resultArray":null}
info: {"success":true,"operationType":"Translations Refresh Check","specificErrorCode":"","resultArray":null}
info: {"success":true,"operationType":"Plays Refresh Check","specificErrorCode":"","resultArray":null}
info: {"success":true,"operationType":"Plays Refresh Check","specificErrorCode":"","resultArray":null}
info: {"success":true,"operationType":"Translations Refresh Check","specificErrorCode":"","resultArray":null}
info: {"success":true,"operationType":"Email Verification Check","specificErrorCode":"","resultArray":null}
info: {"success":true,"operationType":"Email Verification Check","specificErrorCode":"","resultArray":null}
info: {"success":true,"operationType":"Translations Refresh Check","specificErrorCode":"","resultArray":null}
info: {"success":true,"operationType":"Plays Refresh Check","specificErrorCode":"","resultArray":null}
info: {"success":true,"operationType":"Email Verification Check","specificErrorCode":"","resultArray":null}
info: {"success":true,"operationType":"Plays Refresh Check","specificErrorCode":"","resultArray":null}
info: {"success":true,"operationType":"Translations Refresh Check","specificErrorCode":"","resultArray":null}
info: {"success":true,"operationType":"Translations Refresh Check","specificErrorCode":"","resultArray":null}
info: {"success":true,"operationType":"Email Verification Check","specificErrorCode":"","resultArray":null}
info: {"success":true,"operationType":"Plays Refresh Check","specificErrorCode":"","resultArray":null}
info: {"success":true,"operationType":"Email Verification Check","specificErrorCode":"","resultArray":null}
info: {"success":true,"operationType":"Translations Refresh Check","specificErrorCode":"","resultArray":null}
info: {"success":true,"operationType":"Plays Refresh Check","specificErrorCode":"","resultArray":null}
info: {"success":true,"operationType":"Plays Refresh Check","specificErrorCode":"","resultArray":null}
info: {"success":true,"operationType":"Translations Refresh Check","specificErrorCode":"","resultArray":null}
info: {"success":true,"operationType":"Email Verification Check","specificErrorCode":"","resultArray":null}
info: {"success":true,"operationType":"Email Verification Check","specificErrorCode":"","resultArray":null}
info: {"success":true,"operationType":"Translations Refresh Check","specificErrorCode":"","resultArray":null}
info: {"success":true,"operationType":"Plays Refresh Check","specificErrorCode":"","resultArray":null}
info: {"success":true,"operationType":"Plays Refresh Check","specificErrorCode":"","resultArray":null}
info: {"success":true,"operationType":"Translations Refresh Check","specificErrorCode":"","resultArray":null}
info: {"success":true,"operationType":"Email Verification Check","specificErrorCode":"","resultArray":null}
info: {"success":true,"operationType":"Email Verification Check","specificErrorCode":"","resultArray":null}
info: {"success":true,"operationType":"Translations Refresh Check","specificErrorCode":"","resultArray":null}
info: {"success":true,"operationType":"Plays Refresh Check","specificErrorCode":"","resultArray":null}
info: {"success":true,"operationType":"Plays Refresh Check","specificErrorCode":"","resultArray":null}
info: {"success":true,"operationType":"Translations Refresh Check","specificErrorCode":"","resultArray":null}
info: {"success":true,"operationType":"Email Verification Check","specificErrorCode":"","resultArray":null}
info: {"success":true,"operationType":"Email Verification Check","specificErrorCode":"","resultArray":null}
info: {"success":true,"operationType":"Translations Refresh Check","specificErrorCode":"","resultArray":null}
info: {"success":true,"operationType":"Plays Refresh Check","specificErrorCode":"","resultArray":null}
info: {"success":true,"operationType":"Plays Refresh Check","specificErrorCode":"","resultArray":null}
info: {"success":true,"operationType":"Translations Refresh Check","specificErrorCode":"","resultArray":null}
info: {"success":true,"operationType":"Email Verification Check","specificErrorCode":"","resultArray":null}
info: {"success":true,"operationType":"Email Verification Check","specificErrorCode":"","resultArray":null}
info: {"success":true,"operationType":"Translations Refresh Check","specificErrorCode":"","resultArray":null}
info: {"success":true,"operationType":"Plays Refresh Check","specificErrorCode":"","resultArray":null}
info: {"success":true,"operationType":"Plays Refresh Check","specificErrorCode":"","resultArray":null}
info: {"success":true,"operationType":"Translations Refresh Check","specificErrorCode":"","resultArray":null}
info: {"success":true,"operationType":"Email Verification Check","specificErrorCode":"","resultArray":null}
info: {"success":true,"operationType":"Email Verification Check","specificErrorCode":"","resultArray":null}
info: {"success":true,"operationType":"Translations Refresh Check","specificErrorCode":"","resultArray":null}
info: {"success":true,"operationType":"Plays Refresh Check","specificErrorCode":"","resultArray":null}
info: API key already exists for device id: d1f29c23de21ced9 and deviced1f29c23de21ced9
info: {"success":true,"operationType":"Email Verification Check","specificErrorCode":"","resultArray":null}
info: {"success":true,"operationType":"Translations Refresh Check","specificErrorCode":"","resultArray":null}
info: {"success":true,"operationType":"Plays Refresh Check","specificErrorCode":"","resultArray":null}
info: {"success":true,"operationType":"Email Verification Check","specificErrorCode":"","resultArray":null}
info: {"success":true,"operationType":"Translations Refresh Check","specificErrorCode":"","resultArray":null}
info: {"success":true,"operationType":"Plays Refresh Check","specificErrorCode":"","resultArray":null}
info: API key already exists for device id: d1f29c23de21ced9 and deviced1f29c23de21ced9
info: {"success":true,"operationType":"Plays Refresh Check","specificErrorCode":"","resultArray":null}
info: {"success":true,"operationType":"Translations Refresh Check","specificErrorCode":"","resultArray":null}
info: {"success":true,"operationType":"Email Verification Check","specificErrorCode":"","resultArray":null}
info: {"success":true,"operationType":"Email Verification Check","specificErrorCode":"","resultArray":null}
info: {"success":true,"operationType":"Translations Refresh Check","specificErrorCode":"","resultArray":null}
info: {"success":true,"operationType":"Plays Refresh Check","specificErrorCode":"","resultArray":null}
info: {"success":true,"operationType":"Plays Refresh Check","specificErrorCode":"","resultArray":null}
info: {"success":true,"operationType":"Translations Refresh Check","specificErrorCode":"","resultArray":null}
info: {"success":true,"operationType":"Email Verification Check","specificErrorCode":"","resultArray":null}
info: {"success":true,"operationType":"Email Verification Check","specificErrorCode":"","resultArray":null}
info: {"success":true,"operationType":"Translations Refresh Check","specificErrorCode":"","resultArray":null}
info: {"success":true,"operationType":"Plays Refresh Check","specificErrorCode":"","resultArray":null}
info: {"success":true,"operationType":"Plays Refresh Check","specificErrorCode":"","resultArray":null}
info: {"success":true,"operationType":"Translations Refresh Check","specificErrorCode":"","resultArray":null}
info: {"success":true,"operationType":"Email Verification Check","specificErrorCode":"","resultArray":null}
info: {"success":true,"operationType":"Email Verification Check","specificErrorCode":"","resultArray":null}
info: {"success":true,"operationType":"Translations Refresh Check","specificErrorCode":"","resultArray":null}
info: {"success":true,"operationType":"Plays Refresh Check","specificErrorCode":"","resultArray":null}
info: {"success":true,"operationType":"Plays Refresh Check","specificErrorCode":"","resultArray":null}
info: {"success":true,"operationType":"Translations Refresh Check","specificErrorCode":"","resultArray":null}
info: {"success":true,"operationType":"Email Verification Check","specificErrorCode":"","resultArray":null}
info: {"success":true,"operationType":"Email Verification Check","specificErrorCode":"","resultArray":null}
info: {"success":true,"operationType":"Translations Refresh Check","specificErrorCode":"","resultArray":null}
info: {"success":true,"operationType":"Plays Refresh Check","specificErrorCode":"","resultArray":null}
info: {"success":true,"operationType":"Plays Refresh Check","specificErrorCode":"","resultArray":null}
info: {"success":true,"operationType":"Translations Refresh Check","specificErrorCode":"","resultArray":null}
info: {"success":true,"operationType":"Email Verification Check","specificErrorCode":"","resultArray":null}
info: {"success":true,"operationType":"Email Verification Check","specificErrorCode":"","resultArray":null}
info: {"success":true,"operationType":"Translations Refresh Check","specificErrorCode":"","resultArray":null}
info: {"success":true,"operationType":"Plays Refresh Check","specificErrorCode":"","resultArray":null}
info: {"success":true,"operationType":"Plays Refresh Check","specificErrorCode":"","resultArray":null}
info: {"success":true,"operationType":"Translations Refresh Check","specificErrorCode":"","resultArray":null}
info: {"success":true,"operationType":"Email Verification Check","specificErrorCode":"","resultArray":null}
info: {"success":true,"operationType":"Email Verification Check","specificErrorCode":"","resultArray":null}
info: {"success":true,"operationType":"Translations Refresh Check","specificErrorCode":"","resultArray":null}
info: {"success":true,"operationType":"Plays Refresh Check","specificErrorCode":"","resultArray":null}
info: {"success":true,"operationType":"Plays Refresh Check","specificErrorCode":"","resultArray":null}
info: {"success":true,"operationType":"Translations Refresh Check","specificErrorCode":"","resultArray":null}
info: {"success":true,"operationType":"Email Verification Check","specificErrorCode":"","resultArray":null}
info: {"success":true,"operationType":"Email Verification Check","specificErrorCode":"","resultArray":null}
info: {"success":true,"operationType":"Translations Refresh Check","specificErrorCode":"","resultArray":null}
info: {"success":true,"operationType":"Plays Refresh Check","specificErrorCode":"","resultArray":null}
info: {"success":true,"operationType":"Plays Refresh Check","specificErrorCode":"","resultArray":null}
info: {"success":true,"operationType":"Translations Refresh Check","specificErrorCode":"","resultArray":null}
info: {"success":true,"operationType":"Email Verification Check","specificErrorCode":"","resultArray":null}
info: {"success":true,"operationType":"Premium User Check","specificErrorCode":"","resultArray":null}
info: {"success":true,"operationType":"Email Verification Check","specificErrorCode":"","resultArray":null}
info: {"success":true,"operationType":"Translations Refresh Check","specificErrorCode":"","resultArray":null}
info: {"success":true,"operationType":"Plays Refresh Check","specificErrorCode":"","resultArray":null}
info: {"success":true,"operationType":"Plays Refresh Check","specificErrorCode":"","resultArray":null}
info: {"success":true,"operationType":"Translations Refresh Check","specificErrorCode":"","resultArray":null}
info: {"success":true,"operationType":"Email Verification Check","specificErrorCode":"","resultArray":null}
info: {"success":true,"operationType":"Email Verification Check","specificErrorCode":"","resultArray":null}
info: {"success":true,"operationType":"Translations Refresh Check","specificErrorCode":"","resultArray":null}
info: {"success":true,"operationType":"Plays Refresh Check","specificErrorCode":"","resultArray":null}
info: {"success":true,"operationType":"Plays Refresh Check","specificErrorCode":"","resultArray":null}
info: {"success":true,"operationType":"Translations Refresh Check","specificErrorCode":"","resultArray":null}
info: {"success":true,"operationType":"Email Verification Check","specificErrorCode":"","resultArray":null}
info: {"success":true,"operationType":"Email Verification Check","specificErrorCode":"","resultArray":null}
info: {"success":true,"operationType":"Translations Refresh Check","specificErrorCode":"","resultArray":null}
info: {"success":true,"operationType":"Plays Refresh Check","specificErrorCode":"","resultArray":null}
info: {"success":true,"operationType":"Plays Refresh Check","specificErrorCode":"","resultArray":null}
info: {"success":true,"operationType":"Translations Refresh Check","specificErrorCode":"","resultArray":null}
info: {"success":true,"operationType":"Email Verification Check","specificErrorCode":"","resultArray":null}
info: {"success":true,"operationType":"Email Verification Check","specificErrorCode":"","resultArray":null}
info: {"success":true,"operationType":"Translations Refresh Check","specificErrorCode":"","resultArray":null}
info: {"success":true,"operationType":"Plays Refresh Check","specificErrorCode":"","resultArray":null}
info: {"success":true,"operationType":"Plays Refresh Check","specificErrorCode":"","resultArray":null}
info: {"success":true,"operationType":"Translations Refresh Check","specificErrorCode":"","resultArray":null}
info: {"success":true,"operationType":"Email Verification Check","specificErrorCode":"","resultArray":null}
info: {"success":true,"operationType":"Email Verification Check","specificErrorCode":"","resultArray":null}
info: {"success":true,"operationType":"Translations Refresh Check","specificErrorCode":"","resultArray":null}
info: {"success":true,"operationType":"Plays Refresh Check","specificErrorCode":"","resultArray":null}
info: {"success":true,"operationType":"Plays Refresh Check","specificErrorCode":"","resultArray":null}
info: {"success":true,"operationType":"Translations Refresh Check","specificErrorCode":"","resultArray":null}
info: {"success":true,"operationType":"Email Verification Check","specificErrorCode":"","resultArray":null}
info: {"success":true,"operationType":"Email Verification Check","specificErrorCode":"","resultArray":null}
info: {"success":true,"operationType":"Translations Refresh Check","specificErrorCode":"","resultArray":null}
info: {"success":true,"operationType":"Plays Refresh Check","specificErrorCode":"","resultArray":null}
info: {"success":true,"operationType":"Plays Refresh Check","specificErrorCode":"","resultArray":null}
info: {"success":true,"operationType":"Translations Refresh Check","specificErrorCode":"","resultArray":null}
info: {"success":true,"operationType":"Email Verification Check","specificErrorCode":"","resultArray":null}
info: {"success":true,"operationType":"Email Verification Check","specificErrorCode":"","resultArray":null}
info: {"success":true,"operationType":"Plays Refresh Check","specificErrorCode":"","resultArray":null}
info: {"success":true,"operationType":"Translations Refresh Check","specificErrorCode":"","resultArray":null}
info: {"success":true,"operationType":"Email Verification Check","specificErrorCode":"","resultArray":null}
info: {"success":true,"operationType":"Translations Refresh Check","specificErrorCode":"","resultArray":null}
info: {"success":true,"operationType":"Plays Refresh Check","specificErrorCode":"","resultArray":null}
info: {"success":true,"operationType":"Plays Refresh Check","specificErrorCode":"","resultArray":null}
info: {"success":true,"operationType":"Translations Refresh Check","specificErrorCode":"","resultArray":null}
info: {"success":true,"operationType":"Email Verification Check","specificErrorCode":"","resultArray":null}
info: {"success":true,"operationType":"Email Verification Check","specificErrorCode":"","resultArray":null}
info: {"success":true,"operationType":"Translations Refresh Check","specificErrorCode":"","resultArray":null}
info: {"success":true,"operationType":"Plays Refresh Check","specificErrorCode":"","resultArray":null}
info: {"success":true,"operationType":"Email Verification Check","specificErrorCode":"","resultArray":null}
info: {"success":true,"operationType":"Translations Refresh Check","specificErrorCode":"","resultArray":null}
info: {"success":true,"operationType":"Plays Refresh Check","specificErrorCode":"","resultArray":null}
info: New API key generated for device id: d1f29c23de21ced9 and deviced1f29c23de21ced9
info: {"success":true,"operationType":"Translations Refresh Check","specificErrorCode":"","resultArray":null}
info: {"success":true,"operationType":"Plays Refresh Check","specificErrorCode":"","resultArray":null}
info: {"success":true,"operationType":"Email Verification Check","specificErrorCode":"","resultArray":null}
info: {"success":true,"operationType":"Email Verification Check","specificErrorCode":"","resultArray":null}
info: {"success":true,"operationType":"Translations Refresh Check","specificErrorCode":"","resultArray":null}
info: {"success":true,"operationType":"Plays Refresh Check","specificErrorCode":"","resultArray":null}
info: {"success":true,"operationType":"Plays Refresh Check","specificErrorCode":"","resultArray":null}
info: {"success":true,"operationType":"Translations Refresh Check","specificErrorCode":"","resultArray":null}
info: {"success":true,"operationType":"Email Verification Check","specificErrorCode":"","resultArray":null}
info: {"success":true,"operationType":"Email Verification Check","specificErrorCode":"","resultArray":null}
info: {"success":true,"operationType":"Translations Refresh Check","specificErrorCode":"","resultArray":null}
info: {"success":true,"operationType":"Plays Refresh Check","specificErrorCode":"","resultArray":null}
info: API key already exists for device id: d1f29c23de21ced9 and deviced1f29c23de21ced9
error: {"success":false,"operationType":"DB Add User","specificErrorCode":"ER_NO_SUCH_TABLE","resultArray":null}
info: {"success":true,"operationType":"Plays Refresh Check","specificErrorCode":"","resultArray":null}
info: {"success":true,"operationType":"Translations Refresh Check","specificErrorCode":"","resultArray":null}
info: {"success":true,"operationType":"Email Verification Check","specificErrorCode":"","resultArray":null}
error: {"message":"Duplicate entry 'Ditch197' for key 'users.username'","code":"ER_DUP_ENTRY","errno":1062,"sql":"INSERT INTO users VALUES ('f9fd8e68-a0bf-485e-b82d-00a6c135f755', 'Ditch197', 'Zctlsab@gmail.com', '$2b$10$XSocVbY9QJgvxPplLiBFY.PIQo7o/LYgD7t6z1lDVexE/DeIq77R2', DEFAULT, DEFAULT, 0);","sqlState":"23000","sqlMessage":"Duplicate entry 'Ditch197' for key 'users.username'"}
info: {"success":true,"operationType":"Email Verification Check","specificErrorCode":"","resultArray":null}
info: {"success":true,"operationType":"Translations Refresh Check","specificErrorCode":"","resultArray":null}
info: {"success":true,"operationType":"Plays Refresh Check","specificErrorCode":"","resultArray":null}
info: {"success":true,"operationType":"Plays Refresh Check","specificErrorCode":"","resultArray":null}
info: {"success":true,"operationType":"Translations Refresh Check","specificErrorCode":"","resultArray":null}
info: {"success":true,"operationType":"Email Verification Check","specificErrorCode":"","resultArray":null}
info: {"success":true,"operationType":"Email Verification Check","specificErrorCode":"","resultArray":null}
info: {"success":true,"operationType":"Translations Refresh Check","specificErrorCode":"","resultArray":null}
info: {"success":true,"operationType":"Plays Refresh Check","specificErrorCode":"","resultArray":null}
info: {"success":true,"operationType":"Plays Refresh Check","specificErrorCode":"","resultArray":null}
info: {"success":true,"operationType":"Translations Refresh Check","specificErrorCode":"","resultArray":null}
info: {"success":true,"operationType":"Email Verification Check","specificErrorCode":"","resultArray":null}
info: {"success":true,"operationType":"Email Verification Check","specificErrorCode":"","resultArray":null}
info: {"success":true,"operationType":"Translations Refresh Check","specificErrorCode":"","resultArray":null}
info: {"success":true,"operationType":"Plays Refresh Check","specificErrorCode":"","resultArray":null}
info: {"success":true,"operationType":"Plays Refresh Check","specificErrorCode":"","resultArray":null}
info: {"success":true,"operationType":"Translations Refresh Check","specificErrorCode":"","resultArray":null}
info: {"success":true,"operationType":"Email Verification Check","specificErrorCode":"","resultArray":null}
info: {"success":true,"operationType":"Translations Refresh Check","specificErrorCode":"","resultArray":null}
info: {"success":true,"operationType":"Premium User Check","specificErrorCode":"","resultArray":null}
info: {"success":true,"operationType":"Email Verification Check","specificErrorCode":"","resultArray":null}
info: {"success":true,"operationType":"Plays Refresh Check","specificErrorCode":"","resultArray":null}
info: {"success":true,"operationType":"Plays Refresh Check","specificErrorCode":"","resultArray":null}
info: {"success":true,"operationType":"Translations Refresh Check","specificErrorCode":"","resultArray":null}
info: {"success":true,"operationType":"Email Verification Check","specificErrorCode":"","resultArray":null}
info: API key already exists for device id: d1f29c23de21ced9 and deviced1f29c23de21ced9
error: {"message":"Duplicate entry 'Ditch197' for key 'users.username'","code":"ER_DUP_ENTRY","errno":1062,"sql":"INSERT INTO users VALUES ('1e725352-2435-44a8-a1e0-8ef84f7c93c6', 'Ditch197', 'Zctlsab@gmail.com', '$2b$10$fHWtoNxq5m5QL8F0hBXtperPOsmgEme6Pybq.43OElmLE5aYUb5gG', DEFAULT, DEFAULT, 0);","sqlState":"23000","sqlMessage":"Duplicate entry 'Ditch197' for key 'users.username'"}
info: {"success":true,"operationType":"Email Verification Check","specificErrorCode":"","resultArray":null}
info: {"success":true,"operationType":"Translations Refresh Check","specificErrorCode":"","resultArray":null}
info: {"success":true,"operationType":"Plays Refresh Check","specificErrorCode":"","resultArray":null}
info: {"success":true,"operationType":"Plays Refresh Check","specificErrorCode":"","resultArray":null}
info: {"success":true,"operationType":"Translations Refresh Check","specificErrorCode":"","resultArray":null}
info: {"success":true,"operationType":"Email Verification Check","specificErrorCode":"","resultArray":null}
error: {"message":"Duplicate entry 'Ditch197' for key 'users.username'","code":"ER_DUP_ENTRY","errno":1062,"sql":"INSERT INTO users VALUES ('44e7f0ad-c62a-4af1-9b4e-386e301e1e4b', 'Ditch197', 'Zctlsab@gmail.com', '$2b$10$pnj7x0aGzhuhqud603S.N.x7pJtSA2O2yXBYvXSkmyKxUDvmBxfOi', DEFAULT, DEFAULT, 0);","sqlState":"23000","sqlMessage":"Duplicate entry 'Ditch197' for key 'users.username'"}
error: {"message":"Duplicate entry 'Zctlsab@gmail.com' for key 'users.email'","code":"ER_DUP_ENTRY","errno":1062,"sql":"INSERT INTO users VALUES ('7b954923-afc8-44a4-953f-1bc50e9ee652', 'Ditch199', 'Zctlsab@gmail.com', '$2b$10$.mRjNeE3HqI7sAkIFaazcOHEOAW6MkXJQHL/xm9gUMO5TxNu7q6/y', DEFAULT, DEFAULT, 0);","sqlState":"23000","sqlMessage":"Duplicate entry 'Zctlsab@gmail.com' for key 'users.email'"}
info: {"success":true,"operationType":"Email Verification Check","specificErrorCode":"","resultArray":null}
info: {"success":true,"operationType":"Translations Refresh Check","specificErrorCode":"","resultArray":null}
info: {"success":true,"operationType":"Plays Refresh Check","specificErrorCode":"","resultArray":null}
info: {"success":true,"operationType":"Plays Refresh Check","specificErrorCode":"","resultArray":null}
info: {"success":true,"operationType":"Translations Refresh Check","specificErrorCode":"","resultArray":null}
info: {"success":true,"operationType":"Email Verification Check","specificErrorCode":"","resultArray":null}
info: New API key generated for device id: d1f29c23de21ced9 and deviced1f29c23de21ced9
error: {"success":false,"operationType":"DB Add User","specificErrorCode":"ER_NO_SUCH_TABLE","resultArray":null}
info: {"success":true,"operationType":"Email Verification Check","specificErrorCode":"","resultArray":null}
info: {"success":true,"operationType":"Translations Refresh Check","specificErrorCode":"","resultArray":null}
info: {"success":true,"operationType":"Plays Refresh Check","specificErrorCode":"","resultArray":null}
info: {"success":true,"operationType":"Plays Refresh Check","specificErrorCode":"","resultArray":null}
info: {"success":true,"operationType":"Translations Refresh Check","specificErrorCode":"","resultArray":null}
info: {"success":true,"operationType":"Email Verification Check","specificErrorCode":"","resultArray":null}
info: {"success":true,"operationType":"Email Verification Check","specificErrorCode":"","resultArray":null}
info: {"success":true,"operationType":"Translations Refresh Check","specificErrorCode":"","resultArray":null}
info: {"success":true,"operationType":"Plays Refresh Check","specificErrorCode":"","resultArray":null}
info: {"success":true,"operationType":"Plays Refresh Check","specificErrorCode":"","resultArray":null}
info: {"success":true,"operationType":"Translations Refresh Check","specificErrorCode":"","resultArray":null}
info: {"success":true,"operationType":"Email Verification Check","specificErrorCode":"","resultArray":null}
error: {"message":"Duplicate entry 'Ditch197' for key 'users.username'","code":"ER_DUP_ENTRY","errno":1062,"sql":"INSERT INTO users VALUES ('37f09e1b-9c4b-4af8-a305-94e5ed2834bf', 'Ditch197', 'Zctlsab@gmail.com', '$2b$10$PJlNX0pwMeeY66oI7.hRSuxZJDrf4yEbbcScZrV58EFCnRDM1e0i2', DEFAULT, DEFAULT, 0);","sqlState":"23000","sqlMessage":"Duplicate entry 'Ditch197' for key 'users.username'"}
info: {"success":true,"operationType":"Email Verification Check","specificErrorCode":"","resultArray":null}
info: {"success":true,"operationType":"Plays Refresh Check","specificErrorCode":"","resultArray":null}
info: {"success":true,"operationType":"Translations Refresh Check","specificErrorCode":"","resultArray":null}
info: New API key generated for device id: d1f29c23de21ced9 and deviced1f29c23de21ced9
info: {"success":true,"operationType":"Plays Refresh Check","specificErrorCode":"","resultArray":null}
info: {"success":true,"operationType":"Translations Refresh Check","specificErrorCode":"","resultArray":null}
info: {"success":true,"operationType":"Email Verification Check","specificErrorCode":"","resultArray":null}
error: {"success":false,"operationType":"DB Add User","specificErrorCode":"ER_LOCK_WAIT_TIMEOUT","resultArray":null}
error: {"message":"Deadlock found when trying to get lock; try restarting transaction","code":"ER_LOCK_DEADLOCK","errno":1213,"sql":"INSERT INTO users VALUES ('00262ee4-6741-4226-9531-e466f2071bc7', 'Ditch197', 'Zctlsab@gmail.com', '$2b$10$SSxsEZUh654YP5td9CTNXuVb0oNEaUuH1cSfXJ.5mycXpbHzr4Iai', DEFAULT, DEFAULT, 0);","sqlState":"40001","sqlMessage":"Deadlock found when trying to get lock; try restarting transaction"}
error: {"message":"Deadlock found when trying to get lock; try restarting transaction","code":"ER_LOCK_DEADLOCK","errno":1213,"sql":"INSERT INTO users VALUES ('6a32303b-1133-4d7b-915f-94f8ea5108a0', 'Ditch197', 'Zctlsab@gmail.com', '$2b$10$ej5rHSWK3arKYG7Jd4G8v.dUuQidLbjzQLLrschHXHttRaC0SNSSy', DEFAULT, DEFAULT, 0);","sqlState":"40001","sqlMessage":"Deadlock found when trying to get lock; try restarting transaction"}
error: {"message":"Deadlock found when trying to get lock; try restarting transaction","code":"ER_LOCK_DEADLOCK","errno":1213,"sql":"INSERT INTO users VALUES ('a5960e90-b95d-4f09-b829-7f4e13e9c585', 'Ditch197', 'Zctlsab@gmail.com', '$2b$10$qzvUS4wiL60/kXrTV12/Zubeie8k4LGuWqL26x7GHMXiynY6rV60y', DEFAULT, DEFAULT, 0);","sqlState":"40001","sqlMessage":"Deadlock found when trying to get lock; try restarting transaction"}
info: {"success":true,"operationType":"Email Verification Check","specificErrorCode":"","resultArray":null}
info: {"success":true,"operationType":"Translations Refresh Check","specificErrorCode":"","resultArray":null}
info: {"success":true,"operationType":"Plays Refresh Check","specificErrorCode":"","resultArray":null}
error: {"success":false,"operationType":"DB Add User","specificErrorCode":"ER_LOCK_WAIT_TIMEOUT","resultArray":null}
info: {"success":true,"operationType":"Plays Refresh Check","specificErrorCode":"","resultArray":null}
info: {"success":true,"operationType":"Email Verification Check","specificErrorCode":"","resultArray":null}
info: {"success":true,"operationType":"Translations Refresh Check","specificErrorCode":"","resultArray":null}
info: {"success":true,"operationType":"Email Verification Check","specificErrorCode":"","resultArray":null}
info: {"success":true,"operationType":"Translations Refresh Check","specificErrorCode":"","resultArray":null}
info: {"success":true,"operationType":"Plays Refresh Check","specificErrorCode":"","resultArray":null}
info: {"success":true,"operationType":"Plays Refresh Check","specificErrorCode":"","resultArray":null}
info: {"success":true,"operationType":"Translations Refresh Check","specificErrorCode":"","resultArray":null}
info: {"success":true,"operationType":"Email Verification Check","specificErrorCode":"","resultArray":null}
info: {"success":true,"operationType":"Email Verification Check","specificErrorCode":"","resultArray":null}
info: {"success":true,"operationType":"Translations Refresh Check","specificErrorCode":"","resultArray":null}
info: {"success":true,"operationType":"Plays Refresh Check","specificErrorCode":"","resultArray":null}
info: {"success":true,"operationType":"Plays Refresh Check","specificErrorCode":"","resultArray":null}
info: {"success":true,"operationType":"Email Verification Check","specificErrorCode":"","resultArray":null}
info: {"success":true,"operationType":"Translations Refresh Check","specificErrorCode":"","resultArray":null}
info: {"success":true,"operationType":"Email Verification Check","specificErrorCode":"","resultArray":null}
info: {"success":true,"operationType":"Translations Refresh Check","specificErrorCode":"","resultArray":null}
info: {"success":true,"operationType":"Plays Refresh Check","specificErrorCode":"","resultArray":null}
info: {"success":true,"operationType":"Plays Refresh Check","specificErrorCode":"","resultArray":null}
info: {"success":true,"operationType":"Translations Refresh Check","specificErrorCode":"","resultArray":null}
info: {"success":true,"operationType":"Email Verification Check","specificErrorCode":"","resultArray":null}
info: {"success":true,"operationType":"Email Verification Check","specificErrorCode":"","resultArray":null}
info: {"success":true,"operationType":"Translations Refresh Check","specificErrorCode":"","resultArray":null}
info: {"success":true,"operationType":"Plays Refresh Check","specificErrorCode":"","resultArray":null}
info: {"success":true,"operationType":"Plays Refresh Check","specificErrorCode":"","resultArray":null}
info: {"success":true,"operationType":"Translations Refresh Check","specificErrorCode":"","resultArray":null}
info: {"success":true,"operationType":"Email Verification Check","specificErrorCode":"","resultArray":null}
info: {"success":true,"operationType":"Email Verification Check","specificErrorCode":"","resultArray":null}
info: {"success":true,"operationType":"Translations Refresh Check","specificErrorCode":"","resultArray":null}
info: {"success":true,"operationType":"Plays Refresh Check","specificErrorCode":"","resultArray":null}
info: {"success":true,"operationType":"Plays Refresh Check","specificErrorCode":"","resultArray":null}
info: {"success":true,"operationType":"Translations Refresh Check","specificErrorCode":"","resultArray":null}
info: {"success":true,"operationType":"Email Verification Check","specificErrorCode":"","resultArray":null}
error: {"success":false,"operationType":"DB Add User","specificErrorCode":"ER_LOCK_WAIT_TIMEOUT","resultArray":null}
error: {"message":"Deadlock found when trying to get lock; try restarting transaction","code":"ER_LOCK_DEADLOCK","errno":1213,"sql":"INSERT INTO users VALUES ('ae93a7b5-d86b-4321-9090-7378f2d45855', 'Ditch197', 'Zctlsab@gmail.com', '$2b$10$6kpNvfXc2X676oI5jWwT6.vTt./PP4etCc.ToVwUQbL7/opaEOIoe', DEFAULT, DEFAULT, 0);","sqlState":"40001","sqlMessage":"Deadlock found when trying to get lock; try restarting transaction"}
error: {"message":"Deadlock found when trying to get lock; try restarting transaction","code":"ER_LOCK_DEADLOCK","errno":1213,"sql":"INSERT INTO users VALUES ('5f610fc7-8ed1-4bf0-8e52-13b5043a0ced', 'Ditch197', 'Zctlsab@gmail.com', '$2b$10$UUmMkiOHxgnx71v/7nxDD.8Th3wCW9MPOlE.oJIaIo76NvThTTAP.', DEFAULT, DEFAULT, 0);","sqlState":"40001","sqlMessage":"Deadlock found when trying to get lock; try restarting transaction"}
error: {"message":"Deadlock found when trying to get lock; try restarting transaction","code":"ER_LOCK_DEADLOCK","errno":1213,"sql":"INSERT INTO users VALUES ('26dc48e5-5c8e-4fef-8790-4c98da9ba918', 'Ditch197', 'Zctlsab@gmail.com', '$2b$10$ZUExITmuf8zJTfgN6nEpV.pFI8mp8gpRpVmq9kZWRtAf93DyrSb1u', DEFAULT, DEFAULT, 0);","sqlState":"40001","sqlMessage":"Deadlock found when trying to get lock; try restarting transaction"}
info: {"success":true,"operationType":"Plays Refresh Check","specificErrorCode":"","resultArray":null}
info: {"success":true,"operationType":"Translations Refresh Check","specificErrorCode":"","resultArray":null}
info: {"success":true,"operationType":"Email Verification Check","specificErrorCode":"","resultArray":null}
error: {"success":false,"operationType":"DB Add User","specificErrorCode":"ER_LOCK_WAIT_TIMEOUT","resultArray":null}
info: {"success":true,"operationType":"Plays Refresh Check","specificErrorCode":"","resultArray":null}
info: {"success":true,"operationType":"Email Verification Check","specificErrorCode":"","resultArray":null}
info: {"success":true,"operationType":"Translations Refresh Check","specificErrorCode":"","resultArray":null}
error: {"success":false,"operationType":"DB Add User","specificErrorCode":"ER_LOCK_WAIT_TIMEOUT","resultArray":null}
error: {"message":"Deadlock found when trying to get lock; try restarting transaction","code":"ER_LOCK_DEADLOCK","errno":1213,"sql":"INSERT INTO users VALUES ('68505a69-5411-4289-baab-9d755afe2954', 'Ditch197', 'Zctlsab@gmail.com', '$2b$10$0/0LAvqRSAezN02ZGRhYf.9PPEO9f3ME9FEbX9JISI1UvecUcmtVS', DEFAULT, DEFAULT, 0);","sqlState":"40001","sqlMessage":"Deadlock found when trying to get lock; try restarting transaction"}
error: {"message":"Deadlock found when trying to get lock; try restarting transaction","code":"ER_LOCK_DEADLOCK","errno":1213,"sql":"INSERT INTO users VALUES ('6333fa69-46e0-44b3-bb9e-84e65af014c0', 'Ditch197', 'Zctlsab@gmail.com', '$2b$10$NipRmP4iOZamhQm4t7eAKu7Z4rraXxIGSTAVoHxLW/eBotP/jEoR6', DEFAULT, DEFAULT, 0);","sqlState":"40001","sqlMessage":"Deadlock found when trying to get lock; try restarting transaction"}
error: {"message":"Deadlock found when trying to get lock; try restarting transaction","code":"ER_LOCK_DEADLOCK","errno":1213,"sql":"INSERT INTO users VALUES ('58bc6a9e-2112-448b-bc2c-0b7f11b50e08', 'Ditch197', 'Zctlsab@gmail.com', '$2b$10$vs9sUBNAkN0iAqmxNWPK.OM8Jh2RJ8Avmfg61wTZfVRGdXFM0zCxe', DEFAULT, DEFAULT, 0);","sqlState":"40001","sqlMessage":"Deadlock found when trying to get lock; try restarting transaction"}
info: {"success":true,"operationType":"Translations Refresh Check","specificErrorCode":"","resultArray":null}
info: {"success":true,"operationType":"Email Verification Check","specificErrorCode":"","resultArray":null}
info: {"success":true,"operationType":"Plays Refresh Check","specificErrorCode":"","resultArray":null}
error: {"success":false,"operationType":"DB Add User","specificErrorCode":"ER_LOCK_WAIT_TIMEOUT","resultArray":null}
